This is pdfTeX, Version 3.141592653-2.6-1.40.25 (MiKTeX 24.1) (preloaded format=pdflatex 2024.3.3)  9 MAR 2024 19:42
entering extended mode
 restricted \write18 enabled.
 %&-line parsing enabled.
**./2012.tex
(2012.tex
LaTeX2e <2023-11-01>
L3 programming layer <2023-12-11>
(D:\MiKTeX\tex/latex/base\article.cls
Document Class: article 2023/05/17 v1.4n Standard LaTeX document class
(D:\MiKTeX\tex/latex/base\size10.clo
File: size10.clo 2023/05/17 v1.4n Standard LaTeX file (size option)
)
\c@part=\count187
\c@section=\count188
\c@subsection=\count189
\c@subsubsection=\count190
\c@paragraph=\count191
\c@subparagraph=\count192
\c@figure=\count193
\c@table=\count194
\abovecaptionskip=\skip48
\belowcaptionskip=\skip49
\bibindent=\dimen140
) (D:\MiKTeX\tex/latex/amsmath\amsmath.sty
Package: amsmath 2023/05/13 v2.17o AMS math features
\@mathmargin=\skip50
For additional information on amsmath, use the `?' option.
(D:\MiKTeX\tex/latex/amsmath\amstext.sty
Package: amstext 2021/08/26 v2.01 AMS text

(D:\MiKTeX\tex/latex/amsmath\amsgen.sty
File: amsgen.sty 1999/11/30 v2.0 generic functions
\@emptytoks=\toks17
\ex@=\dimen141
))
(D:\MiKTeX\tex/latex/amsmath\amsbsy.sty
Package: amsbsy 1999/11/29 v1.2d Bold Symbols
\pmbraise@=\dimen142
)
(D:\MiKTeX\tex/latex/amsmath\amsopn.sty
Package: amsopn 2022/04/08 v2.04 operator names
)
\inf@bad=\count195
LaTeX Info: Redefining \frac on input line 234.
\uproot@=\count196
\leftroot@=\count197
LaTeX Info: Redefining \overline on input line 399.
LaTeX Info: Redefining \colon on input line 410.
\classnum@=\count198
\DOTSCASE@=\count199
LaTeX Info: Redefining \ldots on input line 496.
LaTeX Info: Redefining \dots on input line 499.
LaTeX Info: Redefining \cdots on input line 620.
\Mathstrutbox@=\box51
\strutbox@=\box52
LaTeX Info: Redefining \big on input line 722.
LaTeX Info: Redefining \Big on input line 723.
LaTeX Info: Redefining \bigg on input line 724.
LaTeX Info: Redefining \Bigg on input line 725.
\big@size=\dimen143
LaTeX Font Info:    Redeclaring font encoding OML on input line 743.
LaTeX Font Info:    Redeclaring font encoding OMS on input line 744.
\macc@depth=\count266
LaTeX Info: Redefining \bmod on input line 905.
LaTeX Info: Redefining \pmod on input line 910.
LaTeX Info: Redefining \smash on input line 940.
LaTeX Info: Redefining \relbar on input line 970.
LaTeX Info: Redefining \Relbar on input line 971.
\c@MaxMatrixCols=\count267
\dotsspace@=\muskip16
\c@parentequation=\count268
\dspbrk@lvl=\count269
\tag@help=\toks18
\row@=\count270
\column@=\count271
\maxfields@=\count272
\andhelp@=\toks19
\eqnshift@=\dimen144
\alignsep@=\dimen145
\tagshift@=\dimen146
\tagwidth@=\dimen147
\totwidth@=\dimen148
\lineht@=\dimen149
\@envbody=\toks20
\multlinegap=\skip51
\multlinetaggap=\skip52
\mathdisplay@stack=\toks21
LaTeX Info: Redefining \[ on input line 2953.
LaTeX Info: Redefining \] on input line 2954.
)
(D:\MiKTeX\tex/latex/l3backend\l3backend-pdftex.def
File: l3backend-pdftex.def 2023-11-09 L3 backend support: PDF output (pdfTeX)
\l__color_backend_stack_int=\count273
\l__pdf_internal_box=\box53
) (2012.aux)
\openout1 = `2012.aux'.

LaTeX Font Info:    Checking defaults for OML/cmm/m/it on input line 5.
LaTeX Font Info:    ... okay on input line 5.
LaTeX Font Info:    Checking defaults for OMS/cmsy/m/n on input line 5.
LaTeX Font Info:    ... okay on input line 5.
LaTeX Font Info:    Checking defaults for OT1/cmr/m/n on input line 5.
LaTeX Font Info:    ... okay on input line 5.
LaTeX Font Info:    Checking defaults for T1/cmr/m/n on input line 5.
LaTeX Font Info:    ... okay on input line 5.
LaTeX Font Info:    Checking defaults for TS1/cmr/m/n on input line 5.
LaTeX Font Info:    ... okay on input line 5.
LaTeX Font Info:    Checking defaults for OMX/cmex/m/n on input line 5.
LaTeX Font Info:    ... okay on input line 5.
LaTeX Font Info:    Checking defaults for U/cmr/m/n on input line 5.
LaTeX Font Info:    ... okay on input line 5.

Underfull \hbox (badness 10000) in paragraph at lines 34--41

 []

[1

{C:/Users/jason/AppData/Local/MiKTeX/fonts/map/pdftex/pdftex.map}] [2]
[3]
Underfull \hbox (badness 10000) in paragraph at lines 100--116

 []


Underfull \hbox (badness 10000) in paragraph at lines 100--116

 []


Underfull \hbox (badness 10000) in paragraph at lines 100--116

 []


Underfull \hbox (badness 10000) in paragraph at lines 100--116

 []


Overfull \hbox (7.73163pt too wide) in paragraph at lines 100--116
\OT1/cmr/m/n/10 (5): By the an-gle bi-sec-tor the-o-rem, $\OML/cmm/m/it/10 AL \
OT1/cmr/m/n/10 : \OML/cmm/m/it/10 LC \OT1/cmr/m/n/10 = \OML/cmm/m/it/10 AB \OT1
/cmr/m/n/10 : \OML/cmm/m/it/10 CB \OT1/cmr/m/n/10 = [] :
 []


Underfull \hbox (badness 10000) in paragraph at lines 100--116

 []

[4]
Underfull \hbox (badness 10000) in paragraph at lines 121--137

 []


Underfull \hbox (badness 10000) in paragraph at lines 121--137

 []


Underfull \hbox (badness 10000) in paragraph at lines 121--137

 []


Underfull \hbox (badness 10000) in paragraph at lines 121--137

 []


Underfull \hbox (badness 10000) in paragraph at lines 121--137

 []


Underfull \hbox (badness 10000) in paragraph at lines 121--137

 []


Underfull \hbox (badness 10000) in paragraph at lines 121--137

 []

[5] (2012.aux)
 ***********
LaTeX2e <2023-11-01>
L3 programming layer <2023-12-11>
 ***********
 ) 
Here is how much of TeX's memory you used:
 1138 strings out of 474495
 17194 string characters out of 5760351
 1933460 words of memory out of 5000000
 23479 multiletter control sequences out of 15000+600000
 558523 words of font info for 38 fonts, out of 8000000 for 9000
 1141 hyphenation exceptions out of 8191
 56i,8n,65p,241b,113s stack positions out of 10000i,1000n,20000p,200000b,200000s
<D:/MiKTeX/fonts/type1/public/amsfonts/cm/cmex10.pfb><D:/MiKTeX/fonts/type1/p
ublic/amsfonts/cm/cmmi10.pfb><D:/MiKTeX/fonts/type1/public/amsfonts/cm/cmmi7.pf
b><D:/MiKTeX/fonts/type1/public/amsfonts/cm/cmr10.pfb><D:/MiKTeX/fonts/type1/pu
blic/amsfonts/cm/cmr5.pfb><D:/MiKTeX/fonts/type1/public/amsfonts/cm/cmr7.pfb><D
:/MiKTeX/fonts/type1/public/amsfonts/cm/cmsy10.pfb><D:/MiKTeX/fonts/type1/publi
c/amsfonts/cm/cmsy7.pfb>
Output written on 2012.pdf (5 pages, 104730 bytes).
PDF statistics:
 58 PDF objects out of 1000 (max. 8388607)
 0 named destinations out of 1000 (max. 500000)
 1 words of extra memory for PDF output out of 10000 (max. 10000000)

